<?xml version="1.0" encoding="UTF-8"?>
<!-- Generated by org.testng.reporters.JUnitXMLReporter -->
<testsuite hostname="LAPTOP-VCHEJDFG" name="Smoke TestCases" tests="1" failures="0" timestamp="20 Jul 2017 20:19:59 GMT" time="0.226" errors="0">
  <testcase name="@BeforeTest SetUp" time="0.0" classname="ApplicationTest.LoginTests">
    <failure type="java.lang.IllegalStateException" message="The path to the driver executable must be set by the webdriver.chrome.driver system property; for more information, see https://github.com/SeleniumHQ/selenium/wiki/ChromeDriver. The latest version can be downloaded from http://chromedriver.storage.googleapis.com/index.html">
      <![CDATA[java.lang.IllegalStateException: The path to the driver executable must be set by the webdriver.chrome.driver system property; for more information, see https://github.com/SeleniumHQ/selenium/wiki/ChromeDriver. The latest version can be downloaded from http://chromedriver.storage.googleapis.com/index.html
	at com.google.common.base.Preconditions.checkState(Preconditions.java:738)
	at org.openqa.selenium.remote.service.DriverService.findExecutable(DriverService.java:124)
	at org.openqa.selenium.chrome.ChromeDriverService.access$000(ChromeDriverService.java:32)
	at org.openqa.selenium.chrome.ChromeDriverService$Builder.findDefaultExecutable(ChromeDriverService.java:137)
	at org.openqa.selenium.remote.service.DriverService$Builder.build(DriverService.java:330)
	at org.openqa.selenium.chrome.ChromeDriverService.createDefaultService(ChromeDriverService.java:88)
	at org.openqa.selenium.chrome.ChromeDriver.<init>(ChromeDriver.java:124)
	at ApplicationTest.LoginTests.SetUp(LoginTests.java:19)
... Removed 22 stack frames]]>
    </failure>
  </testcase> <!-- @BeforeTest SetUp -->
  <testcase name="LoginTest" time="0.005" classname="ApplicationTest.LoginTests">
    <skipped/>
  </testcase> <!-- LoginTest -->
</testsuite> <!-- Smoke TestCases -->
